Traceback (most recent call last):
  File "C:\Users\DINI\AppData\Local\Programs\Python\Python312\Lib\site-packages\jupyter_cache\executors\utils.py", line 58, in single_nb_execution
    executenb(
  File "C:\Users\DINI\AppData\Local\Programs\Python\Python312\Lib\site-packages\nbclient\client.py", line 1305, in execute
    return NotebookClient(nb=nb, resources=resources, km=km, **kwargs).execute()
           ^^^^^^^^^^^^^^^^^^^^^^^^^^^^^^^^^^^^^^^^^^^^^^^^^^^^^^^^^^^^^^^^^^^^^
  File "C:\Users\DINI\AppData\Roaming\Python\Python312\site-packages\jupyter_core\utils\__init__.py", line 165, in wrapped
    return loop.run_until_complete(inner)
           ^^^^^^^^^^^^^^^^^^^^^^^^^^^^^^
  File "C:\Users\DINI\AppData\Local\Programs\Python\Python312\Lib\asyncio\base_events.py", line 687, in run_until_complete
    return future.result()
           ^^^^^^^^^^^^^^^
  File "C:\Users\DINI\AppData\Local\Programs\Python\Python312\Lib\site-packages\nbclient\client.py", line 705, in async_execute
    await self.async_execute_cell(
  File "C:\Users\DINI\AppData\Local\Programs\Python\Python312\Lib\site-packages\nbclient\client.py", line 1058, in async_execute_cell
    await self._check_raise_for_error(cell, cell_index, exec_reply)
  File "C:\Users\DINI\AppData\Local\Programs\Python\Python312\Lib\site-packages\nbclient\client.py", line 914, in _check_raise_for_error
    raise CellExecutionError.from_cell_and_msg(cell, exec_reply_content)
nbclient.exceptions.CellExecutionError: An error occurred while executing the following cell:
------------------
# Import library
from sklearn.linear_model import LinearRegression
import numpy as np

# Data x dan y
x = np.array([2, 4, 5, 3, 3, 4, 5]).reshape(-1, 1)
y = np.array([2, 3, 5, 4, 3, 5, 6])

# Membuat model regresi linier tanpa intercept
model = LinearRegression(fit_intercept=False)

# Melatih model menggunakan data
model.fit(x, y)

# Mengambil nilai koefisien regresi
b = model.coef_[0]

# Menampilkan hasil
print("Koefisien regresi =", b)

# Menampilkan persamaan regresi
print(f"Persamaan regresi: y = {b:.2f}x")
------------------


[1;31m---------------------------------------------------------------------------[0m
[1;31mModuleNotFoundError[0m                       Traceback (most recent call last)
Cell [1;32mIn[1], line 2[0m
[0;32m      1[0m [38;5;66;03m# Import library[39;00m
[1;32m----> 2[0m [38;5;28;01mfrom[39;00m [38;5;21;01msklearn[39;00m[38;5;21;01m.[39;00m[38;5;21;01mlinear_model[39;00m [38;5;28;01mimport[39;00m LinearRegression
[0;32m      3[0m [38;5;28;01mimport[39;00m [38;5;21;01mnumpy[39;00m [38;5;28;01mas[39;00m [38;5;21;01mnp[39;00m
[0;32m      5[0m [38;5;66;03m# Data x dan y[39;00m

[1;31mModuleNotFoundError[0m: No module named 'sklearn'

